{
  "RSpec": {
    "coverage": {
      "/home/poyo/Crossover Project Trial Deliverable/Source/CrossoverTrial/app/models/cpu.rb": [
        0,
        0,
        0,
        0,
        0,
        0
      ],
      "/home/poyo/Crossover Project Trial Deliverable/Source/CrossoverTrial/app/models/disk.rb": [
        0,
        0,
        0,
        0,
        0,
        0
      ],
      "/home/poyo/Crossover Project Trial Deliverable/Source/CrossoverTrial/app/models/application_record.rb": [
        0,
        0,
        0
      ],
      "/home/poyo/Crossover Project Trial Deliverable/Source/CrossoverTrial/app/models/running_process.rb": [
        0,
        0,
        0,
        0,
        0,
        0
      ],
      "/home/poyo/Crossover Project Trial Deliverable/Source/CrossoverTrial/app/helpers/application_helper.rb": [
        0,
        0
      ],
      "/home/poyo/Crossover Project Trial Deliverable/Source/CrossoverTrial/app/mailers/application_mailer.rb": [
        0,
        0,
        0,
        0
      ],
      "/home/poyo/Crossover Project Trial Deliverable/Source/CrossoverTrial/app/channels/application_cable/channel.rb": [
        0,
        0,
        0,
        0
      ],
      "/home/poyo/Crossover Project Trial Deliverable/Source/CrossoverTrial/app/channels/application_cable/connection.rb": [
        0,
        0,
        0,
        0
      ],
      "/home/poyo/Crossover Project Trial Deliverable/Source/CrossoverTrial/app/jobs/application_job.rb": [
        0,
        0
      ],
      "/home/poyo/Crossover Project Trial Deliverable/Source/CrossoverTrial/app/controllers/statistics_controller.rb": [
        0,
        0,
        0,
        0,
        0,
        0,
        0,
        0,
        0,
        0,
        0,
        0,
        0,
        0,
        0,
        0,
        0,
        0,
        0,
        0,
        0,
        0,
        0,
        0,
        0,
        0,
        0,
        0,
        0,
        0,
        0,
        0,
        0,
        0,
        0,
        0,
        0,
        0,
        0,
        0,
        0,
        0,
        0,
        0,
        0,
        0,
        0,
        0,
        0,
        0,
        0,
        0,
        0,
        0,
        0,
        0,
        0,
        0,
        0,
        0,
        0,
        0,
        0,
        0,
        0,
        0,
        0,
        0,
        0,
        0,
        0,
        0,
        0,
        0,
        0,
        0,
        0,
        0,
        0,
        0,
        0,
        0,
        0,
        0,
        0,
        0,
        0,
        0,
        0,
        0,
        0,
        0,
        0,
        0,
        0,
        0,
        0,
        0,
        0,
        0,
        0,
        0,
        0,
        0,
        0,
        0,
        0,
        0,
        0,
        0,
        0,
        0,
        0,
        0,
        0,
        0,
        0,
        0,
        0,
        0,
        0,
        0,
        0,
        0,
        0,
        0,
        0,
        0,
        0,
        0,
        0,
        0,
        0,
        0,
        0,
        0,
        0,
        0,
        0,
        0,
        0,
        0,
        0,
        0,
        0,
        0,
        0,
        0,
        0,
        0,
        0,
        0,
        0,
        0,
        0,
        0,
        0,
        0,
        0,
        0,
        0,
        0,
        0,
        0,
        0,
        0,
        0,
        0,
        0,
        0,
        0,
        0,
        0,
        0,
        0,
        0,
        0,
        0,
        0,
        0,
        0,
        0,
        0,
        0,
        0,
        0,
        0,
        0,
        0,
        0,
        0,
        0,
        0,
        0,
        0,
        0,
        0,
        0,
        0,
        0,
        0,
        0,
        0,
        0,
        0,
        0,
        0,
        0,
        0,
        0,
        0,
        0,
        0,
        0,
        0,
        0,
        0,
        0,
        0,
        0,
        0,
        0,
        0,
        0,
        0,
        0,
        0,
        0,
        0,
        0,
        0,
        0,
        0
      ],
      "/home/poyo/Crossover Project Trial Deliverable/Source/CrossoverTrial/app/controllers/application_controller.rb": [
        0,
        0,
        0,
        0,
        0,
        0,
        0,
        0,
        0,
        0,
        0,
        0
      ],
      "/home/poyo/Crossover Project Trial Deliverable/Source/CrossoverTrial/app/controllers/webservices_controller.rb": [
        0,
        0,
        0,
        0,
        0,
        0,
        0,
        0,
        0,
        0,
        0,
        0,
        0,
        0,
        0,
        0,
        0,
        0,
        0,
        0,
        0,
        0,
        0,
        0,
        0,
        0,
        0,
        0,
        0,
        0,
        0,
        0,
        0,
        0,
        0,
        0,
        0,
        0,
        0,
        0,
        0,
        0,
        0,
        0,
        0,
        0,
        0,
        0,
        0,
        0,
        0,
        0,
        0,
        0,
        0,
        0,
        0,
        0,
        0,
        0,
        0,
        0,
        0,
        0,
        0,
        0,
        0,
        0,
        0,
        0,
        0,
        0,
        0,
        0,
        0,
        0,
        0,
        0,
        0,
        0,
        0,
        0,
        0,
        0
      ]
    },
    "timestamp": 1475667096
  }
}
